#
# A fatal error has been detected by the Java Runtime Environment:
#
#  EXCEPTION_ACCESS_VIOLATION (0xc0000005) at pc=0x000001c1333f1066, pid=10640, tid=0x00000000000046ac
#
# JRE version: OpenJDK Runtime Environment (8.0_292-b10) (build 1.8.0_292-b10)
# Java VM: OpenJDK 64-Bit Server VM (25.292-b10 mixed mode windows-amd64 compressed oops)
# Problematic frame:
# C  [OpenAL64.dll+0x11066]
#
# Failed to write core dump. Minidumps are not enabled by default on client versions of Windows
#
# If you would like to submit a bug report, please visit:
#   https://github.com/AdoptOpenJDK/openjdk-support/issues
# The crash happened outside the Java Virtual Machine in native code.
# See problematic frame for where to report the bug.
#

---------------  T H R E A D  ---------------

Current thread (0x000001c12c849000):  JavaThread "Thread-8" [_thread_in_native, id=18092, stack(0x000000af9e660000,0x000000af9e760000)]

siginfo: ExceptionCode=0xc0000005, reading address 0x000001c12bfc2004

Registers:
RAX=0x0000000000000004, RBX=0x000001c137160090, RCX=0x000001c12bfc2008, RDX=0x000001c12bfc2004
RSP=0x000000af9e75ec60, RBP=0x00000000000000ff, RSI=0x000001c12bfc1b7c, RDI=0x0000000000000000
R8 =0x0000000000000122, R9 =0x000001c12bfc1b7c, R10=0x000001c11197431b, R11=0x0000000051431450
R12=0x0000000000000001, R13=0x000001c1334e4f48, R14=0x000000af9e75edf8, R15=0x000001c12c849000
RIP=0x000001c1333f1066, EFLAGS=0x0000000000010202

Top of Stack: (sp=0x000000af9e75ec60)
0x000000af9e75ec60:   0000000000000000 000001c12c849000
0x000000af9e75ec70:   000001c1334e4f48 000001c12c849000
0x000000af9e75ec80:   000000af9e75edf8 000001c1334e4f48
0x000000af9e75ec90:   000001c12c849000 000001c12c57e4d0
0x000000af9e75eca0:   000001c1334e4f48 0000000000000000
0x000000af9e75ecb0:   000001c12c671ef0 00000000512ca125
0x000000af9e75ecc0:   000000af9e75f460 000001c1267c1d80
0x000000af9e75ecd0:   000001c12c849000 000000af9e75edf8
0x000000af9e75ece0:   000001c1334e4f48 0000000000000000
0x000000af9e75ecf0:   000001c12bfc1b7c 00000000c0013820
0x000000af9e75ed00:   000000af9e75edc0 000001c1333f248f
0x000000af9e75ed10:   000001c137160090 000001c137160090
0x000000af9e75ed20:   000000000000ac44 000001c100000004
0x000000af9e75ed30:   0000000000000010 000001c111974347
0x000000af9e75ed40:   000001c1334e4f48 000001c111973c85
0x000000af9e75ed50:   000001c12c849000 000001c1334e4f48 

Instructions: (pc=0x000001c1333f1066)
0x000001c1333f1046:   41 2b ec 81 3a 03 00 02 00 75 09 8b 01 89 84 24
0x000001c1333f1056:   c8 00 00 00 49 83 c0 02 48 83 c1 08 4a 8d 14 86
0x000001c1333f1066:   39 3a 75 af 4c 8d 84 24 c0 00 00 00 48 8d 15 d7
0x000001c1333f1076:   2b 03 00 33 c9 e8 58 5f 00 00 b8 40 1f 00 00 4c 


Register to memory mapping:

RAX=0x0000000000000004 is an unknown value
RBX=0x000001c137160090 is an unknown value
RCX=0x000001c12bfc2008 is an unknown value
RDX=0x000001c12bfc2004 is an unknown value
RSP=0x000000af9e75ec60 is pointing into the stack for thread: 0x000001c12c849000
RBP=0x00000000000000ff is an unknown value
RSI=0x000001c12bfc1b7c is an unknown value
RDI=0x0000000000000000 is an unknown value
R8 =0x0000000000000122 is an unknown value
R9 =0x000001c12bfc1b7c is an unknown value
R10=0x000001c11197431b is at code_begin+1915 in an Interpreter codelet
method entry point (kind = native)  [0x000001c111973ba0, 0x000001c111974e80]  4832 bytes
R11=0x0000000051431450 is an unknown value
R12=0x0000000000000001 is an unknown value
R13={method} {0x000001c1334e4f50} 'nalcCreateContext' '(JJ)J' in 'org/lwjgl/openal/ALC10'
R14=0x000000af9e75edf8 is pointing into the stack for thread: 0x000001c12c849000
R15=0x000001c12c849000 is a thread


Stack: [0x000000af9e660000,0x000000af9e760000],  sp=0x000000af9e75ec60,  free space=1019k
Native frames: (J=compiled Java code, j=interpreted, Vv=VM code, C=native code)
C  [OpenAL64.dll+0x11066]
C  [OpenAL64.dll+0x1248f]
C  0x000001c111974347

Java frames: (J=compiled Java code, j=interpreted, Vv=VM code)
j  org.lwjgl.openal.ALC10.nalcCreateContext(JJ)J+0
j  org.lwjgl.openal.ALC10.alcCreateContext(Lorg/lwjgl/openal/ALCdevice;Ljava/nio/IntBuffer;)Lorg/lwjgl/openal/ALCcontext;+8
j  org.lwjgl.openal.AL.init(Ljava/lang/String;IIZZ)V+69
j  org.lwjgl.openal.AL.create(Ljava/lang/String;IIZZ)V+246
j  org.lwjgl.openal.AL.create(Ljava/lang/String;IIZ)V+5
j  org.lwjgl.openal.AL.create()V+6
j  paulscode.sound.libraries.LibraryLWJGLOpenAL.init()V+2
j  paulscode.sound.SoundSystem.CommandNewLibrary(Ljava/lang/Class;)V+260
j  paulscode.sound.SoundSystem.CommandQueue(Lpaulscode/sound/CommandObject;)Z+1206
j  paulscode.sound.CommandThread.run()V+51
v  ~StubRoutines::call_stub

---------------  P R O C E S S  ---------------

Java Threads: ( => current thread )
  0x000001c12c84d800 JavaThread "Thread-9" [_thread_blocked, id=7776, stack(0x000000af9e760000,0x000000af9e860000)]
=>0x000001c12c849000 JavaThread "Thread-8" [_thread_in_native, id=18092, stack(0x000000af9e660000,0x000000af9e760000)]
  0x000001c12c846800 JavaThread "Sound Library Loader" [_thread_blocked, id=6244, stack(0x000000af9e000000,0x000000af9e100000)]
  0x000001c12c84d000 JavaThread "Keep-Alive-Timer" daemon [_thread_blocked, id=12456, stack(0x000000af9e560000,0x000000af9e660000)]
  0x000001c127f10800 JavaThread "AWT-Windows" daemon [_thread_in_native, id=21644, stack(0x000000af9e200000,0x000000af9e300000)]
  0x000001c127f12000 JavaThread "AWT-Shutdown" [_thread_blocked, id=3708, stack(0x000000af9e100000,0x000000af9e200000)]
  0x000001c127f14800 JavaThread "Java2D Disposer" daemon [_thread_blocked, id=8076, stack(0x000000af9da00000,0x000000af9db00000)]
  0x000001c127f17000 JavaThread "Timer hack thread" daemon [_thread_blocked, id=1708, stack(0x000000af9d900000,0x000000af9da00000)]
  0x000001c127f13800 JavaThread "Discord RPC Callback" [_thread_in_vm, id=22856, stack(0x000000af9d700000,0x000000af9d800000)]
  0x000001c127f17800 JavaThread "Snooper Timer" daemon [_thread_blocked, id=7532, stack(0x000000af9d600000,0x000000af9d700000)]
  0x000001c127f13000 JavaThread "Snooper Timer" daemon [_thread_blocked, id=4200, stack(0x000000af9d400000,0x000000af9d500000)]
  0x000001c126798800 JavaThread "Service Thread" daemon [_thread_blocked, id=12060, stack(0x000000af9d200000,0x000000af9d300000)]
  0x000001c12678f800 JavaThread "C1 CompilerThread3" daemon [_thread_in_native, id=736, stack(0x000000af9d100000,0x000000af9d200000)]
  0x000001c126784000 JavaThread "C2 CompilerThread2" daemon [_thread_in_native, id=18016, stack(0x000000af9d000000,0x000000af9d100000)]
  0x000001c126783800 JavaThread "C2 CompilerThread1" daemon [_thread_in_native, id=4432, stack(0x000000af9cf00000,0x000000af9d000000)]
  0x000001c126782800 JavaThread "C2 CompilerThread0" daemon [_thread_in_native, id=8760, stack(0x000000af9ce00000,0x000000af9cf00000)]
  0x000001c126500000 JavaThread "JDWP Command Reader" daemon [_thread_in_native, id=18260, stack(0x000000af9cd00000,0x000000af9ce00000)]
  0x000001c1264f3800 JavaThread "JDWP Event Helper Thread" daemon [_thread_blocked, id=2564, stack(0x000000af9cc00000,0x000000af9cd00000)]
  0x000001c123d7e000 JavaThread "JDWP Transport Listener: dt_socket" daemon [_thread_blocked, id=12192, stack(0x000000af9cb00000,0x000000af9cc00000)]
  0x000001c123d59000 JavaThread "Attach Listener" daemon [_thread_blocked, id=18716, stack(0x000000af9ca00000,0x000000af9cb00000)]
  0x000001c123d58000 JavaThread "Signal Dispatcher" daemon [_thread_blocked, id=22592, stack(0x000000af9c900000,0x000000af9ca00000)]
  0x000001c123d2b800 JavaThread "Finalizer" daemon [_thread_blocked, id=4748, stack(0x000000af9c800000,0x000000af9c900000)]
  0x000001c123d24000 JavaThread "Reference Handler" daemon [_thread_blocked, id=19748, stack(0x000000af9c700000,0x000000af9c800000)]
  0x000001c10fe72800 JavaThread "Client thread" [_thread_in_Java, id=14628, stack(0x000000af9bb00000,0x000000af9bc00000)]

Other Threads:
  0x000001c123cfc800 VMThread [stack: 0x000000af9c600000,0x000000af9c700000] [id=14056]
  0x000001c12681d000 WatcherThread [stack: 0x000000af9d300000,0x000000af9d400000] [id=22068]

VM state:not at safepoint (normal execution)

VM Mutex/Monitor currently owned by a thread: None

heap address: 0x00000000c0000000, size: 1024 MB, Compressed Oops mode: 32-bit
Narrow klass base: 0x0000000000000000, Narrow klass shift: 3
Compressed class space size: 1073741824 Address: 0x0000000100000000

Heap:
 PSYoungGen      total 305664K, used 30195K [0x00000000eab00000, 0x0000000100000000, 0x0000000100000000)
  eden space 262144K, 11% used [0x00000000eab00000,0x00000000ec87cc38,0x00000000fab00000)
  from space 43520K, 0% used [0x00000000fd580000,0x00000000fd580000,0x0000000100000000)
  to   space 43520K, 0% used [0x00000000fab00000,0x00000000fab00000,0x00000000fd580000)
 ParOldGen       total 699392K, used 51762K [0x00000000c0000000, 0x00000000eab00000, 0x00000000eab00000)
  object space 699392K, 7% used [0x00000000c0000000,0x00000000c328c9a8,0x00000000eab00000)
 Metaspace       used 35230K, capacity 35431K, committed 35752K, reserved 1081344K
  class space    used 4415K, capacity 4494K, committed 4520K, reserved 1048576K

Card table byte_map: [0x000001c120d10000,0x000001c120f20000] byte_map_base: 0x000001c120710000

Marking Bits: (ParMarkBitMap*) 0x0000000051a1c820
 Begin Bits: [0x000001c121080000, 0x000001c122080000)
 End Bits:   [0x000001c122080000, 0x000001c123080000)

Polling page: 0x000001c1100f0000

CodeCache: size=245760Kb used=13100Kb max_used=13100Kb free=232659Kb
 bounds [0x000001c111950000, 0x000001c112630000, 0x000001c120950000]
 total_blobs=3981 nmethods=3222 adapters=680
 compilation: enabled

Compilation events (10 events):
Event: 3.900 Thread 0x000001c12678f800 3178       3       net.minecraft.block.properties.PropertyInteger::getName (9 bytes)
Event: 3.900 Thread 0x000001c12678f800 nmethod 3178 0x000001c1125f7790 code [0x000001c1125f7920, 0x000001c1125f7cf0]
Event: 3.900 Thread 0x000001c12678f800 3179       3       net.minecraft.block.properties.PropertyInteger::getName (5 bytes)
Event: 3.900 Thread 0x000001c12678f800 nmethod 3179 0x000001c1125e8d50 code [0x000001c1125e8ec0, 0x000001c1125e9130]
Event: 3.901 Thread 0x000001c126782800 nmethod 3173 0x000001c1125f5690 code [0x000001c1125f5800, 0x000001c1125f5d68]
Event: 3.901 Thread 0x000001c126782800 3180       4       net.minecraft.block.state.BlockState$StateImplementation::equals (9 bytes)
Event: 3.901 Thread 0x000001c126782800 nmethod 3180 0x000001c1125f94d0 code [0x000001c1125f9600, 0x000001c1125f9678]
Event: 3.901 Thread 0x000001c126782800 3181       4       net.minecraft.block.properties.PropertyBool::getName (9 bytes)
Event: 3.902 Thread 0x000001c126782800 nmethod 3181 0x000001c1125f5390 code [0x000001c1125f54e0, 0x000001c1125f5598]
Event: 3.905 Thread 0x000001c126782800 3182       4       net.minecraft.util.ResourceLocation::toString (30 bytes)

GC Heap History (10 events):
Event: 1.292 GC heap before
{Heap before GC invocations=2 (full 1):
 PSYoungGen      total 305664K, used 9113K [0x00000000eab00000, 0x0000000100000000, 0x0000000100000000)
  eden space 262144K, 0% used [0x00000000eab00000,0x00000000eab00000,0x00000000fab00000)
  from space 43520K, 20% used [0x00000000fab00000,0x00000000fb3e6540,0x00000000fd580000)
  to   space 43520K, 0% used [0x00000000fd580000,0x00000000fd580000,0x0000000100000000)
 ParOldGen       total 699392K, used 80K [0x00000000c0000000, 0x00000000eab00000, 0x00000000eab00000)
  object space 699392K, 0% used [0x00000000c0000000,0x00000000c0014010,0x00000000eab00000)
 Metaspace       used 21153K, capacity 21232K, committed 21296K, reserved 1067008K
  class space    used 2906K, capacity 2936K, committed 2944K, reserved 1048576K
Event: 1.309 GC heap after
Heap after GC invocations=2 (full 1):
 PSYoungGen      total 305664K, used 0K [0x00000000eab00000, 0x0000000100000000, 0x0000000100000000)
  eden space 262144K, 0% used [0x00000000eab00000,0x00000000eab00000,0x00000000fab00000)
  from space 43520K, 0% used [0x00000000fab00000,0x00000000fab00000,0x00000000fd580000)
  to   space 43520K, 0% used [0x00000000fd580000,0x00000000fd580000,0x0000000100000000)
 ParOldGen       total 699392K, used 8866K [0x00000000c0000000, 0x00000000eab00000, 0x00000000eab00000)
  object space 699392K, 1% used [0x00000000c0000000,0x00000000c08a8a78,0x00000000eab00000)
 Metaspace       used 21153K, capacity 21232K, committed 21296K, reserved 1067008K
  class space    used 2906K, capacity 2936K, committed 2944K, reserved 1048576K
}
Event: 2.456 GC heap before
{Heap before GC invocations=3 (full 1):
 PSYoungGen      total 305664K, used 262144K [0x00000000eab00000, 0x0000000100000000, 0x0000000100000000)
  eden space 262144K, 100% used [0x00000000eab00000,0x00000000fab00000,0x00000000fab00000)
  from space 43520K, 0% used [0x00000000fab00000,0x00000000fab00000,0x00000000fd580000)
  to   space 43520K, 0% used [0x00000000fd580000,0x00000000fd580000,0x0000000100000000)
 ParOldGen       total 699392K, used 8866K [0x00000000c0000000, 0x00000000eab00000, 0x00000000eab00000)
  object space 699392K, 1% used [0x00000000c0000000,0x00000000c08a8a78,0x00000000eab00000)
 Metaspace       used 28100K, capacity 28278K, committed 28544K, reserved 1073152K
  class space    used 3799K, capacity 3875K, committed 3968K, reserved 1048576K
Event: 2.464 GC heap after
Heap after GC invocations=3 (full 1):
 PSYoungGen      total 305664K, used 27222K [0x00000000eab00000, 0x0000000100000000, 0x0000000100000000)
  eden space 262144K, 0% used [0x00000000eab00000,0x00000000eab00000,0x00000000fab00000)
  from space 43520K, 62% used [0x00000000fd580000,0x00000000ff015930,0x0000000100000000)
  to   space 43520K, 0% used [0x00000000fab00000,0x00000000fab00000,0x00000000fd580000)
 ParOldGen       total 699392K, used 8874K [0x00000000c0000000, 0x00000000eab00000, 0x00000000eab00000)
  object space 699392K, 1% used [0x00000000c0000000,0x00000000c08aaa78,0x00000000eab00000)
 Metaspace       used 28100K, capacity 28278K, committed 28544K, reserved 1073152K
  class space    used 3799K, capacity 3875K, committed 3968K, reserved 1048576K
}
Event: 3.599 GC heap before
{Heap before GC invocations=4 (full 1):
 PSYoungGen      total 305664K, used 289366K [0x00000000eab00000, 0x0000000100000000, 0x0000000100000000)
  eden space 262144K, 100% used [0x00000000eab00000,0x00000000fab00000,0x00000000fab00000)
  from space 43520K, 62% used [0x00000000fd580000,0x00000000ff015930,0x0000000100000000)
  to   space 43520K, 0% used [0x00000000fab00000,0x00000000fab00000,0x00000000fd580000)
 ParOldGen       total 699392K, used 8874K [0x00000000c0000000, 0x00000000eab00000, 0x00000000eab00000)
  object space 699392K, 1% used [0x00000000c0000000,0x00000000c08aaa78,0x00000000eab00000)
 Metaspace       used 34608K, capacity 34823K, committed 35200K, reserved 1079296K
  class space    used 4363K, capacity 4462K, committed 4480K, reserved 1048576K
Event: 3.614 GC heap after
Heap after GC invocations=4 (full 1):
 PSYoungGen      total 305664K, used 43515K [0x00000000eab00000, 0x0000000100000000, 0x0000000100000000)
  eden space 262144K, 0% used [0x00000000eab00000,0x00000000eab00000,0x00000000fab00000)
  from space 43520K, 99% used [0x00000000fab00000,0x00000000fd57ee20,0x00000000fd580000)
  to   space 43520K, 0% used [0x00000000fd580000,0x00000000fd580000,0x0000000100000000)
 ParOldGen       total 699392K, used 10685K [0x00000000c0000000, 0x00000000eab00000, 0x00000000eab00000)
  object space 699392K, 1% used [0x00000000c0000000,0x00000000c0a6f5a8,0x00000000eab00000)
 Metaspace       used 34608K, capacity 34823K, committed 35200K, reserved 1079296K
  class space    used 4363K, capacity 4462K, committed 4480K, reserved 1048576K
}
Event: 3.819 GC heap before
{Heap before GC invocations=5 (full 1):
 PSYoungGen      total 305664K, used 138273K [0x00000000eab00000, 0x0000000100000000, 0x0000000100000000)
  eden space 262144K, 36% used [0x00000000eab00000,0x00000000f0789708,0x00000000fab00000)
  from space 43520K, 99% used [0x00000000fab00000,0x00000000fd57ee20,0x00000000fd580000)
  to   space 43520K, 0% used [0x00000000fd580000,0x00000000fd580000,0x0000000100000000)
 ParOldGen       total 699392K, used 10685K [0x00000000c0000000, 0x00000000eab00000, 0x00000000eab00000)
  object space 699392K, 1% used [0x00000000c0000000,0x00000000c0a6f5a8,0x00000000eab00000)
 Metaspace       used 35035K, capacity 35239K, committed 35496K, reserved 1081344K
  class space    used 4398K, capacity 4494K, committed 4520K, reserved 1048576K
Event: 3.832 GC heap after
Heap after GC invocations=5 (full 1):
 PSYoungGen      total 305664K, used 43495K [0x00000000eab00000, 0x0000000100000000, 0x0000000100000000)
  eden space 262144K, 0% used [0x00000000eab00000,0x00000000eab00000,0x00000000fab00000)
  from space 43520K, 99% used [0x00000000fd580000,0x00000000ffff9d40,0x0000000100000000)
  to   space 43520K, 0% used [0x00000000fab00000,0x00000000fab00000,0x00000000fd580000)
 ParOldGen       total 699392K, used 11801K [0x00000000c0000000, 0x00000000eab00000, 0x00000000eab00000)
  object space 699392K, 1% used [0x00000000c0000000,0x00000000c0b866e0,0x00000000eab00000)
 Metaspace       used 35035K, capacity 35239K, committed 35496K, reserved 1081344K
  class space    used 4398K, capacity 4494K, committed 4520K, reserved 1048576K
}
Event: 3.832 GC heap before
{Heap before GC invocations=6 (full 2):
 PSYoungGen      total 305664K, used 43495K [0x00000000eab00000, 0x0000000100000000, 0x0000000100000000)
  eden space 262144K, 0% used [0x00000000eab00000,0x00000000eab00000,0x00000000fab00000)
  from space 43520K, 99% used [0x00000000fd580000,0x00000000ffff9d40,0x0000000100000000)
  to   space 43520K, 0% used [0x00000000fab00000,0x00000000fab00000,0x00000000fd580000)
 ParOldGen       total 699392K, used 11801K [0x00000000c0000000, 0x00000000eab00000, 0x00000000eab00000)
  object space 699392K, 1% used [0x00000000c0000000,0x00000000c0b866e0,0x00000000eab00000)
 Metaspace       used 35035K, capacity 35239K, committed 35496K, reserved 1081344K
  class space    used 4398K, capacity 4494K, committed 4520K, reserved 1048576K
Event: 3.892 GC heap after
Heap after GC invocations=6 (full 2):
 PSYoungGen      total 305664K, used 0K [0x00000000eab00000, 0x0000000100000000, 0x0000000100000000)
  eden space 262144K, 0% used [0x00000000eab00000,0x00000000eab00000,0x00000000fab00000)
  from space 43520K, 0% used [0x00000000fd580000,0x00000000fd580000,0x0000000100000000)
  to   space 43520K, 0% used [0x00000000fab00000,0x00000000fab00000,0x00000000fd580000)
 ParOldGen       total 699392K, used 51762K [0x00000000c0000000, 0x00000000eab00000, 0x00000000eab00000)
  object space 699392K, 7% used [0x00000000c0000000,0x00000000c328c9a8,0x00000000eab00000)
 Metaspace       used 35035K, capacity 35239K, committed 35496K, reserved 1081344K
  class space    used 4398K, capacity 4494K, committed 4520K, reserved 1048576K
}

Deoptimization events (10 events):
Event: 3.898 Thread 0x000001c12c849000 Uncommon trap: reason=unhandled action=none pc=0x000001c111dee778 method=java.net.URLClassLoader.findClass(Ljava/lang/String;)Ljava/lang/Class; @ 44
Event: 3.899 Thread 0x000001c12c849000 Uncommon trap: reason=unhandled action=none pc=0x000001c111dee778 method=java.net.URLClassLoader.findClass(Ljava/lang/String;)Ljava/lang/Class; @ 44
Event: 3.899 Thread 0x000001c12c849000 Uncommon trap: reason=unhandled action=none pc=0x000001c111dee778 method=java.net.URLClassLoader.findClass(Ljava/lang/String;)Ljava/lang/Class; @ 44
Event: 3.900 Thread 0x000001c12c849000 Uncommon trap: reason=unhandled action=none pc=0x000001c111dee778 method=java.net.URLClassLoader.findClass(Ljava/lang/String;)Ljava/lang/Class; @ 44
Event: 3.903 Thread 0x000001c12c849000 Uncommon trap: reason=unhandled action=none pc=0x000001c111dee778 method=java.net.URLClassLoader.findClass(Ljava/lang/String;)Ljava/lang/Class; @ 44
Event: 3.904 Thread 0x000001c12c849000 Uncommon trap: reason=unhandled action=none pc=0x000001c111dee778 method=java.net.URLClassLoader.findClass(Ljava/lang/String;)Ljava/lang/Class; @ 44
Event: 3.910 Thread 0x000001c12c849000 Uncommon trap: reason=unhandled action=none pc=0x000001c111dee778 method=java.net.URLClassLoader.findClass(Ljava/lang/String;)Ljava/lang/Class; @ 44
Event: 3.911 Thread 0x000001c12c849000 Uncommon trap: reason=unhandled action=none pc=0x000001c111dee778 method=java.net.URLClassLoader.findClass(Ljava/lang/String;)Ljava/lang/Class; @ 44
Event: 3.911 Thread 0x000001c12c849000 Uncommon trap: reason=unhandled action=none pc=0x000001c111dee778 method=java.net.URLClassLoader.findClass(Ljava/lang/String;)Ljava/lang/Class; @ 44
Event: 3.911 Thread 0x000001c12c849000 Uncommon trap: reason=unhandled action=none pc=0x000001c111dee778 method=java.net.URLClassLoader.findClass(Ljava/lang/String;)Ljava/lang/Class; @ 44

Classes redefined (0 events):
No events

Internal exceptions (10 events):
Event: 3.258 Thread 0x000001c10fe72800 Exception <a 'java/lang/UnsatisfiedLinkError': The specified procedure could not be found.
> (0x00000000f65f7f58) thrown at [C:\Jenkins\temp\workspace\build\src\hotspot\src\share\vm\prims\jni.cpp, line 738]
Event: 3.381 Thread 0x000001c10fe72800 Exception <a 'java/lang/ClassNotFoundException': sun/dc/DuctusRenderingEngine> (0x00000000f7bf2f60) thrown at [C:\Jenkins\temp\workspace\build\src\hotspot\src\share\vm\classfile\systemDictionary.cpp, line 217]
Event: 3.386 Thread 0x000001c10fe72800 Exception <a 'java/io/FileNotFoundException'> (0x00000000f7c27130) thrown at [C:\Jenkins\temp\workspace\build\src\hotspot\src\share\vm\prims\jni.cpp, line 711]
Event: 3.894 Thread 0x000001c12c849000 Exception <a 'java/lang/InterruptedException': sleep interrupted> (0x00000000eb2a3170) thrown at [C:\Jenkins\temp\workspace\build\src\hotspot\src\share\vm\prims\jvm.cpp, line 3362]
Event: 3.900 Thread 0x000001c12c849000 Exception <a 'java/security/PrivilegedActionException'> (0x00000000eb37fee0) thrown at [C:\Jenkins\temp\workspace\build\src\hotspot\src\share\vm\prims\jvm.cpp, line 1523]
Event: 3.900 Thread 0x000001c12c849000 Exception <a 'java/security/PrivilegedActionException'> (0x00000000eb3819f0) thrown at [C:\Jenkins\temp\workspace\build\src\hotspot\src\share\vm\prims\jvm.cpp, line 1523]
Event: 3.900 Thread 0x000001c12c849000 Exception <a 'java/security/PrivilegedActionException'> (0x00000000eb382b10) thrown at [C:\Jenkins\temp\workspace\build\src\hotspot\src\share\vm\prims\jvm.cpp, line 1523]
Event: 3.900 Thread 0x000001c12c849000 Exception <a 'java/security/PrivilegedActionException'> (0x00000000eb388008) thrown at [C:\Jenkins\temp\workspace\build\src\hotspot\src\share\vm\prims\jvm.cpp, line 1523]
Event: 3.900 Thread 0x000001c12c849000 Exception <a 'java/security/PrivilegedActionException'> (0x00000000eb388c60) thrown at [C:\Jenkins\temp\workspace\build\src\hotspot\src\share\vm\prims\jvm.cpp, line 1523]
Event: 3.900 Thread 0x000001c12c849000 Exception <a 'java/security/PrivilegedActionException'> (0x00000000eb389888) thrown at [C:\Jenkins\temp\workspace\build\src\hotspot\src\share\vm\prims\jvm.cpp, line 1523]

Events (10 events):
Event: 3.911 loading class org/lwjgl/openal/Util
Event: 3.911 loading class org/lwjgl/openal/Util done
Event: 3.911 Thread 0x000001c12c849000 Uncommon trap: trap_request=0xffffffa7 fr.pc=0x000001c111dee778
Event: 3.911 Thread 0x000001c12c849000 DEOPT PACKING pc=0x000001c111dee778 sp=0x000000af9e75db00
Event: 3.911 Thread 0x000001c12c849000 DEOPT UNPACKING pc=0x000001c111995583 sp=0x000000af9e75d9d8 mode 2
Event: 3.911 loading class org/lwjgl/openal/OpenALException
Event: 3.911 loading class org/lwjgl/openal/OpenALException done
Event: 3.911 Thread 0x000001c12c849000 Uncommon trap: trap_request=0xffffffa7 fr.pc=0x000001c111dee778
Event: 3.911 Thread 0x000001c12c849000 DEOPT PACKING pc=0x000001c111dee778 sp=0x000000af9e75d030
Event: 3.911 Thread 0x000001c12c849000 DEOPT UNPACKING pc=0x000001c111995583 sp=0x000000af9e75cf08 mode 2


Dynamic libraries:
0x00007ff68fcb0000 - 0x00007ff68fcea000 	C:\Program Files\AdoptOpenJDK\jdk-8.0.292.10-hotspot\bin\javaw.exe
0x00007ffab5110000 - 0x00007ffab5305000 	C:\Windows\SYSTEM32\ntdll.dll
0x00007ffab44d0000 - 0x00007ffab458d000 	C:\Windows\System32\KERNEL32.DLL
0x00007ffab2ea0000 - 0x00007ffab3168000 	C:\Windows\System32\KERNELBASE.dll
0x00007ffab4a20000 - 0x00007ffab4acc000 	C:\Windows\System32\ADVAPI32.dll
0x00007ffab34e0000 - 0x00007ffab357e000 	C:\Windows\System32\msvcrt.dll
0x00007ffab3170000 - 0x00007ffab320b000 	C:\Windows\System32\sechost.dll
0x00007ffab4e30000 - 0x00007ffab4f5b000 	C:\Windows\System32\RPCRT4.dll
0x00007ffab3210000 - 0x00007ffab33b0000 	C:\Windows\System32\USER32.dll
0x00007ffab2b00000 - 0x00007ffab2b22000 	C:\Windows\System32\win32u.dll
0x00007ffab44a0000 - 0x00007ffab44ca000 	C:\Windows\System32\GDI32.dll
0x00007ffab2b30000 - 0x00007ffab2c3b000 	C:\Windows\System32\gdi32full.dll
0x00007ffab29b0000 - 0x00007ffab2a4d000 	C:\Windows\System32\msvcp_win.dll
0x00007ffab2da0000 - 0x00007ffab2ea0000 	C:\Windows\System32\ucrtbase.dll
0x00007ffaa8cd0000 - 0x00007ffaa8f6a000 	C:\Windows\WinSxS\amd64_microsoft.windows.common-controls_6595b64144ccf1df_6.0.19041.844_none_ca00b6081b84eb1d\COMCTL32.dll
0x00007ffab4f60000 - 0x00007ffab4f90000 	C:\Windows\System32\IMM32.DLL
0x00007ffa82800000 - 0x00007ffa828ef000 	C:\Program Files\AdoptOpenJDK\jdk-8.0.292.10-hotspot\jre\bin\msvcr120.dll
0x00007ffa84f90000 - 0x00007ffa85036000 	C:\Program Files\AdoptOpenJDK\jdk-8.0.292.10-hotspot\jre\bin\msvcp120.dll
0x0000000051230000 - 0x0000000051a9b000 	C:\Program Files\AdoptOpenJDK\jdk-8.0.292.10-hotspot\jre\bin\server\jvm.dll
0x00007ffab3f90000 - 0x00007ffab3f98000 	C:\Windows\System32\PSAPI.DLL
0x00007ffaa9e10000 - 0x00007ffaa9e19000 	C:\Windows\SYSTEM32\WSOCK32.dll
0x00007ffaa9ed0000 - 0x00007ffaa9ef7000 	C:\Windows\SYSTEM32\WINMM.dll
0x00007ffaad150000 - 0x00007ffaad15a000 	C:\Windows\SYSTEM32\VERSION.dll
0x00007ffab45a0000 - 0x00007ffab460b000 	C:\Windows\System32\WS2_32.dll
0x00007ffab0100000 - 0x00007ffab010f000 	C:\Program Files\AdoptOpenJDK\jdk-8.0.292.10-hotspot\jre\bin\verify.dll
0x00007ffaa9e20000 - 0x00007ffaa9e49000 	C:\Program Files\AdoptOpenJDK\jdk-8.0.292.10-hotspot\jre\bin\java.dll
0x00007ffaa9af0000 - 0x00007ffaa9b25000 	C:\Program Files\AdoptOpenJDK\jdk-8.0.292.10-hotspot\jre\bin\jdwp.dll
0x00007ffab00e0000 - 0x00007ffab00e8000 	C:\Program Files\AdoptOpenJDK\jdk-8.0.292.10-hotspot\jre\bin\npt.dll
0x00007ffaa81b0000 - 0x00007ffaa81da000 	C:\Program Files\AdoptOpenJDK\jdk-8.0.292.10-hotspot\jre\bin\instrument.dll
0x00007ffaa99f0000 - 0x00007ffaa9a06000 	C:\Program Files\AdoptOpenJDK\jdk-8.0.292.10-hotspot\jre\bin\zip.dll
0x00007ffab3830000 - 0x00007ffab3f72000 	C:\Windows\System32\SHELL32.dll
0x00007ffab09c0000 - 0x00007ffab1150000 	C:\Windows\SYSTEM32\windows.storage.dll
0x00007ffab4610000 - 0x00007ffab4965000 	C:\Windows\System32\combase.dll
0x00007ffab22c0000 - 0x00007ffab22ec000 	C:\Windows\SYSTEM32\Wldp.dll
0x00007ffab4970000 - 0x00007ffab4a1e000 	C:\Windows\System32\SHCORE.dll
0x00007ffab36a0000 - 0x00007ffab36f5000 	C:\Windows\System32\shlwapi.dll
0x00007ffab2790000 - 0x00007ffab27af000 	C:\Windows\SYSTEM32\profapi.dll
0x00007ffaad970000 - 0x00007ffaad979000 	C:\Program Files\AdoptOpenJDK\jdk-8.0.292.10-hotspot\jre\bin\dt_socket.dll
0x00007ffa844d0000 - 0x00007ffa844e7000 	C:\Windows\system32\napinsp.dll
0x00007ffa84480000 - 0x00007ffa8449b000 	C:\Windows\system32\pnrpnsp.dll
0x00007ffa9c920000 - 0x00007ffa9c935000 	C:\Windows\system32\wshbth.dll
0x00007ffaae320000 - 0x00007ffaae33d000 	C:\Windows\system32\NLAapi.dll
0x00007ffab1cd0000 - 0x00007ffab1d0b000 	C:\Windows\SYSTEM32\IPHLPAPI.DLL
0x00007ffab2030000 - 0x00007ffab209a000 	C:\Windows\System32\mswsock.dll
0x00007ffab1d20000 - 0x00007ffab1dec000 	C:\Windows\SYSTEM32\DNSAPI.dll
0x00007ffab3f80000 - 0x00007ffab3f88000 	C:\Windows\System32\NSI.dll
0x00007ffa84460000 - 0x00007ffa84472000 	C:\Windows\System32\winrnr.dll
0x00007ffaa6fd0000 - 0x00007ffaa704f000 	C:\Windows\System32\fwpuclnt.dll
0x00007ffab2a50000 - 0x00007ffab2a77000 	C:\Windows\System32\bcrypt.dll
0x00007ffaa70f0000 - 0x00007ffaa70fa000 	C:\Windows\System32\rasadhlp.dll
0x00007ffaa8180000 - 0x00007ffaa81a3000 	C:\Program Files\AdoptOpenJDK\jdk-8.0.292.10-hotspot\jre\bin\sunec.dll
0x00007ffaad950000 - 0x00007ffaad95d000 	C:\Program Files\AdoptOpenJDK\jdk-8.0.292.10-hotspot\jre\bin\management.dll
0x00007ffaa80a0000 - 0x00007ffaa80ba000 	C:\Program Files\AdoptOpenJDK\jdk-8.0.292.10-hotspot\jre\bin\net.dll
0x00007ffaa8080000 - 0x00007ffaa8092000 	C:\Program Files\AdoptOpenJDK\jdk-8.0.292.10-hotspot\jre\bin\nio.dll
0x0000000180000000 - 0x0000000180053000 	C:\Dev\Java\Bear\jars\versions\1.8.8\1.8.8-natives\lwjgl64.dll
0x00007ffa85940000 - 0x00007ffa85a66000 	C:\Windows\SYSTEM32\OPENGL32.dll
0x00007ffaad980000 - 0x00007ffaad9ac000 	C:\Windows\SYSTEM32\GLU32.dll
0x00007ffab2200000 - 0x00007ffab2218000 	C:\Windows\SYSTEM32\CRYPTSP.dll
0x00007ffab1960000 - 0x00007ffab1994000 	C:\Windows\system32\rsaenh.dll
0x00007ffab2710000 - 0x00007ffab273e000 	C:\Windows\SYSTEM32\USERENV.dll
0x00007ffab2a80000 - 0x00007ffab2b00000 	C:\Windows\System32\bcryptprimitives.dll
0x00007ffab2220000 - 0x00007ffab222c000 	C:\Windows\SYSTEM32\CRYPTBASE.dll
0x00007ffaac370000 - 0x00007ffaac387000 	C:\Windows\SYSTEM32\dhcpcsvc6.DLL
0x00007ffaace40000 - 0x00007ffaace5d000 	C:\Windows\SYSTEM32\dhcpcsvc.DLL
0x00007ffa76810000 - 0x00007ffa769a5000 	C:\Program Files\AdoptOpenJDK\jdk-8.0.292.10-hotspot\jre\bin\awt.dll
0x00007ffab3760000 - 0x00007ffab382d000 	C:\Windows\System32\OLEAUT32.dll
0x00007ffab0170000 - 0x00007ffab0200000 	C:\Windows\SYSTEM32\apphelp.dll
0x000001c110150000 - 0x000001c110188000 	C:\Users\Michael\AppData\Local\Temp\jna\jna5214525240480824017.dll
0x00007ffa76b80000 - 0x00007ffa76c1c000 	C:\Users\Michael\AppData\Local\Temp\discord-rpc\discord-rpc.dll
0x00007ffab07c0000 - 0x00007ffab07d2000 	C:\Windows\SYSTEM32\kernel.appcore.dll
0x00007ffaac3d0000 - 0x00007ffaac47e000 	C:\Windows\SYSTEM32\mscms.dll
0x00007ffaac390000 - 0x00007ffaac3a1000 	C:\Windows\SYSTEM32\ColorAdapterClient.dll
0x00007ffab4d80000 - 0x00007ffab4e29000 	C:\Windows\System32\clbcatq.dll
0x00007ffa955a0000 - 0x00007ffa955e4000 	C:\Windows\System32\Windows.Internal.Graphics.Display.DisplayColorManagement.dll
0x00007ffab2850000 - 0x00007ffab289e000 	C:\Windows\System32\cfgmgr32.dll
0x00007ffab0300000 - 0x00007ffab039e000 	C:\Windows\system32\uxtheme.dll
0x00007ffab3580000 - 0x00007ffab3695000 	C:\Windows\System32\MSCTF.dll
0x00007ffa9c9f0000 - 0x00007ffa9cae9000 	C:\Windows\SYSTEM32\textinputframework.dll
0x00007ffaaf730000 - 0x00007ffaafa8e000 	C:\Windows\System32\CoreUIComponents.dll
0x00007ffaafe10000 - 0x00007ffaaff02000 	C:\Windows\System32\CoreMessaging.dll
0x00007ffab1590000 - 0x00007ffab15c3000 	C:\Windows\SYSTEM32\ntmarta.dll
0x00007ffaae750000 - 0x00007ffaae8a4000 	C:\Windows\SYSTEM32\wintypes.dll
0x00007ffaad050000 - 0x00007ffaad149000 	C:\Windows\System32\AppXDeploymentClient.dll
0x00007ffa4ab80000 - 0x00007ffa4d55e000 	C:\Windows\System32\DriverStore\FileRepository\nv_dispi.inf_amd64_1108979a670abe46\nvoglv64.dll
0x00007ffab4030000 - 0x00007ffab4499000 	C:\Windows\System32\SETUPAPI.dll
0x00007ffab33b0000 - 0x00007ffab34da000 	C:\Windows\System32\ole32.dll
0x00007ffaae5f0000 - 0x00007ffaae604000 	C:\Windows\SYSTEM32\WTSAPI32.dll
0x00007ffab2440000 - 0x00007ffab2452000 	C:\Windows\SYSTEM32\msasn1.dll
0x00007ffaabfd0000 - 0x00007ffaac001000 	C:\Windows\SYSTEM32\cryptnet.dll
0x00007ffab2c40000 - 0x00007ffab2d9f000 	C:\Windows\System32\CRYPT32.dll
0x00007ffab2600000 - 0x00007ffab262c000 	C:\Windows\System32\DEVOBJ.dll
0x00007ffab28a0000 - 0x00007ffab2900000 	C:\Windows\System32\WINTRUST.dll
0x00007ffaabe30000 - 0x00007ffaabe6b000 	C:\Windows\SYSTEM32\dxcore.dll
0x00007ffa885a0000 - 0x00007ffa8885e000 	C:\Windows\system32\nvspcap64.dll
0x00007ffab05e0000 - 0x00007ffab060f000 	C:\Windows\SYSTEM32\dwmapi.dll
0x00007ffa9aa00000 - 0x00007ffa9aa43000 	C:\Windows\SYSTEM32\icm32.dll
0x00007ffab1df0000 - 0x00007ffab1e3b000 	C:\Windows\SYSTEM32\powrprof.dll
0x00007ffab1cb0000 - 0x00007ffab1cc2000 	C:\Windows\SYSTEM32\UMPDC.dll
0x00007ffab1820000 - 0x00007ffab187a000 	C:\Windows\SYSTEM32\WINSTA.dll
0x00007ffa76ae0000 - 0x00007ffa76b73000 	C:\Program Files\AdoptOpenJDK\jdk-8.0.292.10-hotspot\jre\bin\freetype.dll
0x00007ffa760c0000 - 0x00007ffa7617d000 	C:\Program Files\AdoptOpenJDK\jdk-8.0.292.10-hotspot\jre\bin\fontmanager.dll
0x00007ffaa7770000 - 0x00007ffaa793e000 	C:\Windows\system32\d3d9.dll
0x00007ffaaa250000 - 0x00007ffaaa355000 	C:\Windows\System32\DriverStore\FileRepository\nv_dispi.inf_amd64_1108979a670abe46\nvldumdx.dll
0x00007ffab4ad0000 - 0x00007ffab4aed000 	C:\Windows\System32\imagehlp.dll
0x00007ffa3cc50000 - 0x00007ffa3e408000 	C:\Windows\System32\DriverStore\FileRepository\nv_dispi.inf_amd64_1108979a670abe46\nvd3dumx.dll
0x00007ffab1160000 - 0x00007ffab1183000 	C:\Windows\SYSTEM32\gpapi.dll
0x0000000070a40000 - 0x0000000070adc000 	C:\Dev\Java\Bear\jars\versions\1.8.8\1.8.8-natives\avutil-ttv-51.dll
0x0000000065980000 - 0x00000000659d6000 	C:\Dev\Java\Bear\jars\versions\1.8.8\1.8.8-natives\swresample-ttv-0.dll
0x000000006eb80000 - 0x000000006ec50000 	C:\Dev\Java\Bear\jars\versions\1.8.8\1.8.8-natives\libmp3lame-ttv.dll
0x00007ffa497d0000 - 0x00007ffa4ab74000 	C:\Dev\Java\Bear\jars\versions\1.8.8\1.8.8-natives\libmfxsw64.dll
0x00007ffa75cd0000 - 0x00007ffa75e3d000 	C:\Dev\Java\Bear\jars\versions\1.8.8\1.8.8-natives\twitchsdk.dll
0x00007ffa9e8e0000 - 0x00007ffa9edbd000 	C:\Windows\SYSTEM32\WININET.dll
0x000001c1333e0000 - 0x000001c133444000 	C:\Dev\Java\Bear\jars\versions\1.8.8\1.8.8-natives\OpenAL64.dll
0x00007ffaac9a0000 - 0x00007ffaaca25000 	C:\Windows\System32\MMDevApi.dll
0x00007ffa84280000 - 0x00007ffa8431c000 	C:\Windows\SYSTEM32\dsound.dll
0x00007ffa948c0000 - 0x00007ffa948e6000 	C:\Windows\SYSTEM32\winmmbase.dll
0x00007ffaaccb0000 - 0x00007ffaace31000 	C:\Windows\SYSTEM32\AUDIOSES.DLL
0x00007ffaa5a70000 - 0x00007ffaa5c54000 	C:\Windows\SYSTEM32\dbghelp.dll

VM Arguments:
jvm_args: -agentlib:jdwp=transport=dt_socket,suspend=y,address=localhost:12729 -Xmx1024M -Xms1024M -Djava.library.path=C:\Dev\Java\Bear\jars\versions\1.8.8\1.8.8-natives -javaagent:C:\Users\Michael\eclipse\java-2020-092\eclipse\configuration\org.eclipse.osgi\215\0\.cp\lib\javaagent-shaded.jar -Dfile.encoding=Cp1252 
java_command: Start
java_class_path (initial): C:\Dev\Java\Bear\eclipse\Client\bin;C:\Dev\Java\Bear\jars\versions\1.8.8\1.8.8.jar;C:\Dev\Java\Bear\jars\libraries\oshi-project\oshi-core\1.1\oshi-core-1.1.jar;C:\Dev\Java\Bear\jars\libraries\net\java\dev\jna\jna\3.4.0\jna-3.4.0.jar;C:\Dev\Java\Bear\jars\libraries\net\java\dev\jna\platform\3.4.0\platform-3.4.0.jar;C:\Dev\Java\Bear\jars\libraries\com\ibm\icu\icu4j-core-mojang\51.2\icu4j-core-mojang-51.2.jar;C:\Dev\Java\Bear\jars\libraries\net\sf\jopt-simple\jopt-simple\4.6\jopt-simple-4.6.jar;C:\Dev\Java\Bear\jars\libraries\com\paulscode\codecjorbis\20101023\codecjorbis-20101023.jar;C:\Dev\Java\Bear\jars\libraries\com\paulscode\codecwav\20101023\codecwav-20101023.jar;C:\Dev\Java\Bear\jars\libraries\com\paulscode\libraryjavasound\20101123\libraryjavasound-20101123.jar;C:\Dev\Java\Bear\jars\libraries\com\paulscode\librarylwjglopenal\20100824\librarylwjglopenal-20100824.jar;C:\Dev\Java\Bear\jars\libraries\com\paulscode\soundsystem\20120107\soundsystem-20120107.jar;C:\Dev\Java\Bear\jars\libraries\io\netty\netty-all\4.0.23.Final\netty-all-4.0.23.Final.jar;C:\Dev\Java\Bear\jars\libraries\com\google\guava\guava\17.0\guava-17.0.jar;C:\Dev\Java\Bear\jars\libraries\org\apache\commons\commons-lang3\3.3.2\commons-lang3-3.3.2.jar;C:\Dev\Java\Bear\jars\libraries\commons-io\commons-io\2.4\commons-io-2.4.jar;C:\Dev\Java\Bear\jars\libraries\commons-codec\commons-codec\1.9\commons-codec-1.9.jar;C:\Dev\Java\Bear\jars\libraries\net\java\jinput\jinput\2.0.5\jinput-2.0.5.jar;C:\Dev\Java\Bear\jars\libraries\net\java\jutils\jutils\1.0.0\jutils-1.0.0.jar;C:\Dev\Java\Bear\jars\libraries\com\google\code\gson\gson\2.2.4\gson-2.2.4.jar;C:\Dev\Java\Bear\jars\libraries\com\mojang\authlib\1.5.21\authlib-1.5.21.jar;C:\Dev\Java\Bear\jars\libraries\com\mojang\realms\1.7.39\realms-1.7.39.jar;C:\Dev\Java\Bear\jars\libraries\org\apache\commons\commons-compress\1.8.1\commons-compress-1.8.1.jar;C:\Dev\Java\Bear\jars\libraries\org\apache\httpcomponents\httpclient\4.3.3\httpclien
Launcher Type: SUN_STANDARD

Environment Variables:
JAVA_HOME=C:\Program Files\AdoptOpenJDK\jdk-8.0.292.10-hotspot\
USERNAME=Michael
OS=Windows_NT
PROCESSOR_IDENTIFIER=AMD64 Family 23 Model 113 Stepping 0, AuthenticAMD



---------------  S Y S T E M  ---------------

OS: Windows 10.0 , 64 bit Build 19041 (10.0.19041.928)

CPU:total 12 (initial active 12) (12 cores per cpu, 1 threads per core) family 23 model 113 stepping 0, cmov, cx8, fxsr, mmx, sse, sse2, sse3, ssse3, sse4.1, sse4.2, popcnt, avx, avx2, aes, clmul, mmxext, 3dnowpref, lzcnt, sse4a, tsc, tscinvbit, tscinv, bmi1

Memory: 4k page, physical 33436408k(22723656k free), swap 40514296k(25435956k free)

vm_info: OpenJDK 64-Bit Server VM (25.292-b10) for windows-amd64 JRE (1.8.0_292-b10), built on Apr 21 2021 04:52:30 by "jenkins" with MS VC++ 12.0 (VS2013)

time: Wed Jun 09 10:42:01 2021
timezone: Central Daylight Time
elapsed time: 3.943773 seconds (0d 0h 0m 3s)

